This file contains any messages produced by compilers while
running configure, to aid debugging if configure makes a mistake.

It was created by configure, which was
generated by GNU Autoconf 2.71.  Invocation command line was

  $ ./configure

## --------- ##
## Platform. ##
## --------- ##

hostname = Panagiotis-Hackintosh.local
uname -m = x86_64
uname -r = 21.1.0
uname -s = Darwin
uname -v = Darwin Kernel Version 21.1.0: Wed Oct 13 17:33:23 PDT 2021; root:xnu-8019.41.5~1/RELEASE_X86_64

/usr/bin/uname -p = i386
/bin/uname -X     = unknown

/bin/arch              = unknown
/usr/bin/arch -k       = unknown
/usr/convex/getsysinfo = unknown
/usr/bin/hostinfo      = Mach kernel version:
	 Darwin Kernel Version 21.1.0: Wed Oct 13 17:33:23 PDT 2021; root:xnu-8019.41.5~1/RELEASE_X86_64
Kernel configured for up to 8 processors.
8 processors are physically available.
8 processors are logically available.
Processor type: x86_64h (Intel x86-64h Haswell)
Processors active: 0 1 2 3 4 5 6 7
Primary memory available: 32.00 gigabytes
Default processor set: 809 tasks, 5155 threads, 8 processors
Load average: 2.89, Mach factor: 5.10
/bin/machine           = unknown
/usr/bin/oslevel       = unknown
/bin/universe          = unknown

PATH: /Users/panosru/.sdkman/candidates/sbt/current/bin/
PATH: /Users/panosru/.config/yarn/global/node_modules/.bin/
PATH: /Users/panosru/.yarn/bin/
PATH: /usr/local/opt/ncurses/bin/
PATH: /usr/local/opt/cython/bin/
PATH: /usr/local/opt/qt/bin/
PATH: /usr/local/opt/erlang@20/bin/
PATH: /usr/local/opt/sqlite/bin/
PATH: /Users/panosru/.cargo/bin/
PATH: /usr/local/opt/apr/bin/
PATH: /usr/local/opt/libpq/bin/
PATH: /usr/local/MacGPG2/bin/
PATH: /usr/local/opt/openssl@3/bin/
PATH: /usr/local/opt/openldap/sbin/
PATH: /usr/local/opt/openldap/bin/
PATH: /usr/local/opt/apr-util/bin/
PATH: /Users/panosru/node_modules/.bin/
PATH: /Users/panosru/.bin/
PATH: /Library/Frameworks/Mono.framework/Versions/Current/bin/
PATH: /Users/panosru/.dotnet/tools/
PATH: /Volumes/Projects/_dev/phalcon-dev/
PATH: /usr/local/opt/sphinx-doc/bin/
PATH: /usr/local/opt/go/libexec/bin/
PATH: /Users/panosru/.go/bin/
PATH: /Volumes/Projects/_dev/flutter/bin/cache/dart-sdk/bin/
PATH: /Volumes/Projects/_dev/flutter/bin/
PATH: /usr/local/opt/php/sbin/
PATH: /usr/local/opt/php/bin/
PATH: /usr/local/sbin/
PATH: /usr/local/bin/
PATH: /usr/local/opt/python/libexec/bin/
PATH: /usr/bin/
PATH: /bin/
PATH: /usr/sbin/
PATH: /sbin/
PATH: /Users/panosru/.composer/vendor/bin/


## ----------- ##
## Core tests. ##
## ----------- ##

configure:2495: looking for aux files: config.guess config.sub
configure:2508:  trying ./build/
configure:2537:   ./build/config.guess found
configure:2537:   ./build/config.sub found
configure:2654: checking for grep that handles long lines and -e
configure:2718: result: /usr/bin/grep
configure:2723: checking for egrep
configure:2791: result: /usr/bin/grep -E
configure:2796: checking for a sed that does not truncate output
configure:2866: result: /usr/bin/sed
configure:3010: checking for pkg-config
configure:3033: found /Library/Frameworks/Mono.framework/Versions/Current/bin/pkg-config
configure:3045: result: /Library/Frameworks/Mono.framework/Versions/Current/bin/pkg-config
configure:3070: checking pkg-config is at least version 0.9.0
configure:3073: result: yes
configure:3149: checking for cc
configure:3170: found /usr/bin/cc
configure:3181: result: cc
configure:3212: checking for C compiler version
configure:3221: cc --version >&5
Apple clang version 13.0.0 (clang-1300.0.29.3)
Target: x86_64-apple-darwin21.1.0
Thread model: posix
InstalledDir: /Applications/Xcode.app/Contents/Developer/Toolchains/XcodeDefault.xctoolchain/usr/bin
configure:3232: $? = 0
configure:3221: cc -v >&5
Apple clang version 13.0.0 (clang-1300.0.29.3)
Target: x86_64-apple-darwin21.1.0
Thread model: posix
InstalledDir: /Applications/Xcode.app/Contents/Developer/Toolchains/XcodeDefault.xctoolchain/usr/bin
configure:3232: $? = 0
configure:3221: cc -V >&5
clang: error: argument to '-V' is missing (expected 1 value)
clang: error: no input files
configure:3232: $? = 1
configure:3221: cc -qversion >&5
clang: error: unknown argument '-qversion'; did you mean '--version'?
clang: error: no input files
configure:3232: $? = 1
configure:3221: cc -version >&5
clang: error: unknown argument '-version'; did you mean '--version'?
clang: error: no input files
configure:3232: $? = 1
configure:3252: checking whether the C compiler works
configure:3274: cc  -I/usr/local/opt/zlib/include -I/usr/local/opt/php/include -I/usr/local/opt/libpq/include -I/usr/local/opt/openssl@3/include -I/usr/local/opt/openldap/include  -L/usr/local/opt/zlib/lib -L/usr/local/opt/php/lib -L/usr/local/opt/libpq/lib -L/usr/local/opt/openssl@3/lib -L/usr/local/opt/openldap/lib  conftest.c  >&5
configure:3278: $? = 0
configure:3328: result: yes
configure:3331: checking for C compiler default output file name
configure:3333: result: a.out
configure:3339: checking for suffix of executables
configure:3346: cc -o conftest  -I/usr/local/opt/zlib/include -I/usr/local/opt/php/include -I/usr/local/opt/libpq/include -I/usr/local/opt/openssl@3/include -I/usr/local/opt/openldap/include  -L/usr/local/opt/zlib/lib -L/usr/local/opt/php/lib -L/usr/local/opt/libpq/lib -L/usr/local/opt/openssl@3/lib -L/usr/local/opt/openldap/lib  conftest.c  >&5
configure:3350: $? = 0
configure:3373: result: 
configure:3395: checking whether we are cross compiling
configure:3403: cc -o conftest  -I/usr/local/opt/zlib/include -I/usr/local/opt/php/include -I/usr/local/opt/libpq/include -I/usr/local/opt/openssl@3/include -I/usr/local/opt/openldap/include  -L/usr/local/opt/zlib/lib -L/usr/local/opt/php/lib -L/usr/local/opt/libpq/lib -L/usr/local/opt/openssl@3/lib -L/usr/local/opt/openldap/lib  conftest.c  >&5
configure:3407: $? = 0
configure:3414: ./conftest
configure:3418: $? = 0
configure:3433: result: no
configure:3438: checking for suffix of object files
configure:3461: cc -c  -I/usr/local/opt/zlib/include -I/usr/local/opt/php/include -I/usr/local/opt/libpq/include -I/usr/local/opt/openssl@3/include -I/usr/local/opt/openldap/include  conftest.c >&5
configure:3465: $? = 0
configure:3487: result: o
configure:3491: checking whether the compiler supports GNU C
configure:3511: cc -c  -I/usr/local/opt/zlib/include -I/usr/local/opt/php/include -I/usr/local/opt/libpq/include -I/usr/local/opt/openssl@3/include -I/usr/local/opt/openldap/include  conftest.c >&5
configure:3511: $? = 0
configure:3521: result: yes
configure:3532: checking whether cc accepts -g
configure:3553: cc -c -g -I/usr/local/opt/zlib/include -I/usr/local/opt/php/include -I/usr/local/opt/libpq/include -I/usr/local/opt/openssl@3/include -I/usr/local/opt/openldap/include  conftest.c >&5
configure:3553: $? = 0
configure:3597: result: yes
configure:3617: checking for cc option to enable C11 features
configure:3632: cc  -c -g -O2 -I/usr/local/opt/zlib/include -I/usr/local/opt/php/include -I/usr/local/opt/libpq/include -I/usr/local/opt/openssl@3/include -I/usr/local/opt/openldap/include  conftest.c >&5
configure:3632: $? = 0
configure:3650: result: none needed
configure:3766: checking how to run the C preprocessor
configure:3792: cc -E -I/usr/local/opt/zlib/include -I/usr/local/opt/php/include -I/usr/local/opt/libpq/include -I/usr/local/opt/openssl@3/include -I/usr/local/opt/openldap/include  conftest.c
configure:3792: $? = 0
configure:3807: cc -E -I/usr/local/opt/zlib/include -I/usr/local/opt/php/include -I/usr/local/opt/libpq/include -I/usr/local/opt/openssl@3/include -I/usr/local/opt/openldap/include  conftest.c
conftest.c:9:10: fatal error: 'ac_nonexistent.h' file not found
#include <ac_nonexistent.h>
         ^~~~~~~~~~~~~~~~~~
1 error generated.
configure:3807: $? = 1
configure: failed program was:
| /* confdefs.h */
| #define PACKAGE_NAME ""
| #define PACKAGE_TARNAME ""
| #define PACKAGE_VERSION ""
| #define PACKAGE_STRING ""
| #define PACKAGE_BUGREPORT ""
| #define PACKAGE_URL ""
| /* end confdefs.h.  */
| #include <ac_nonexistent.h>
configure:3834: result: cc -E
configure:3848: cc -E -I/usr/local/opt/zlib/include -I/usr/local/opt/php/include -I/usr/local/opt/libpq/include -I/usr/local/opt/openssl@3/include -I/usr/local/opt/openldap/include  conftest.c
configure:3848: $? = 0
configure:3863: cc -E -I/usr/local/opt/zlib/include -I/usr/local/opt/php/include -I/usr/local/opt/libpq/include -I/usr/local/opt/openssl@3/include -I/usr/local/opt/openldap/include  conftest.c
conftest.c:9:10: fatal error: 'ac_nonexistent.h' file not found
#include <ac_nonexistent.h>
         ^~~~~~~~~~~~~~~~~~
1 error generated.
configure:3863: $? = 1
configure: failed program was:
| /* confdefs.h */
| #define PACKAGE_NAME ""
| #define PACKAGE_TARNAME ""
| #define PACKAGE_VERSION ""
| #define PACKAGE_STRING ""
| #define PACKAGE_BUGREPORT ""
| #define PACKAGE_URL ""
| /* end confdefs.h.  */
| #include <ac_nonexistent.h>
configure:3896: checking for icc
configure:3906: result: no
configure:3920: checking for suncc
configure:3930: result: no
configure:3948: checking for system library directory
configure:3964: result: lib
configure:3971: checking if compiler supports -R
configure:3991: cc -o conftest -g -O2 -I/usr/local/opt/zlib/include -I/usr/local/opt/php/include -I/usr/local/opt/libpq/include -I/usr/local/opt/openssl@3/include -I/usr/local/opt/openldap/include  -L/usr/local/opt/zlib/lib -L/usr/local/opt/php/lib -L/usr/local/opt/libpq/lib -L/usr/local/opt/openssl@3/lib -L/usr/local/opt/openldap/lib  conftest.c -R /usr/lib  >&5
warning: unknown remark option '-R' [-Wunknown-warning-option]
1 warning generated.
ld: can't map file, errno=22 file '/Applications/Xcode.app/Contents/Developer/Platforms/MacOSX.platform/Developer/SDKs/MacOSX.sdk/usr/lib' for architecture x86_64
clang: error: linker command failed with exit code 1 (use -v to see invocation)
configure:3991: $? = 1
configure: failed program was:
| /* confdefs.h */
| #define PACKAGE_NAME ""
| #define PACKAGE_TARNAME ""
| #define PACKAGE_VERSION ""
| #define PACKAGE_STRING ""
| #define PACKAGE_BUGREPORT ""
| #define PACKAGE_URL ""
| /* end confdefs.h.  */
| 
| int
| main (void)
| {
| 
|   ;
|   return 0;
| }
configure:4002: result: no
configure:4007: checking if compiler supports -Wl,-rpath,
configure:4027: cc -o conftest -g -O2 -I/usr/local/opt/zlib/include -I/usr/local/opt/php/include -I/usr/local/opt/libpq/include -I/usr/local/opt/openssl@3/include -I/usr/local/opt/openldap/include  -L/usr/local/opt/zlib/lib -L/usr/local/opt/php/lib -L/usr/local/opt/libpq/lib -L/usr/local/opt/openssl@3/lib -L/usr/local/opt/openldap/lib  conftest.c -Wl,-rpath,/usr/lib  >&5
configure:4027: $? = 0
configure:4038: result: yes
configure:4057: checking build system type
configure:4072: result: x86_64-apple-darwin21.1.0
configure:4092: checking host system type
configure:4106: result: x86_64-apple-darwin21.1.0
configure:4126: checking target system type
configure:4140: result: x86_64-apple-darwin21.1.0
configure:4244: checking for PHP prefix
configure:4246: result: /usr/local/Cellar/php/8.1.0
configure:4248: checking for PHP includes
configure:4250: result: -I/usr/local/Cellar/php/8.1.0/include/php -I/usr/local/Cellar/php/8.1.0/include/php/main -I/usr/local/Cellar/php/8.1.0/include/php/TSRM -I/usr/local/Cellar/php/8.1.0/include/php/Zend -I/usr/local/Cellar/php/8.1.0/include/php/ext -I/usr/local/Cellar/php/8.1.0/include/php/ext/date/lib
configure:4252: checking for PHP extension directory
configure:4254: result: /usr/local/Cellar/php/8.1.0/pecl/20210902
configure:4256: checking for PHP installed headers prefix
configure:4258: result: /usr/local/Cellar/php/8.1.0/include/php
configure:4261: checking if debug is enabled
configure:4288: result: no
configure:4291: checking if zts is enabled
configure:4318: result: no
configure:4386: checking for gawk
configure:4408: found /usr/local/bin/gawk
configure:4419: result: gawk
configure:4463: checking whether to enable WDDX support
configure:4503: result: yes, shared
configure:4513: checking libxml2 install dir
configure:4529: result: no
configure:4539: checking libexpat dir for WDDX
configure:4555: result: no
configure:4571: checking for libxml-2.0 >= 2.9.0
configure:4578: $PKG_CONFIG --exists --print-errors "libxml-2.0 >= 2.9.0"
configure:4581: $? = 0
configure:4595: $PKG_CONFIG --exists --print-errors "libxml-2.0 >= 2.9.0"
configure:4598: $? = 0
configure:4656: result: yes
configure:5375: checking for a sed that does not truncate output
configure:5430: result: /usr/bin/sed
configure:5445: checking for ld used by cc
configure:5513: result: /Applications/Xcode.app/Contents/Developer/Toolchains/XcodeDefault.xctoolchain/usr/bin/ld
configure:5520: checking if the linker (/Applications/Xcode.app/Contents/Developer/Toolchains/XcodeDefault.xctoolchain/usr/bin/ld) is GNU ld
configure:5536: result: no
configure:5541: checking for /Applications/Xcode.app/Contents/Developer/Toolchains/XcodeDefault.xctoolchain/usr/bin/ld option to reload object files
configure:5549: result: -r
configure:5567: checking for BSD-compatible nm
configure:5617: result: /usr/bin/nm -B
configure:5621: checking whether ln -s works
configure:5625: result: yes
configure:5632: checking how to recognize dependent libraries
configure:5819: result: pass_all
configure:6043: checking for stdio.h
configure:6043: cc -c -g -O2 -I/usr/local/opt/zlib/include -I/usr/local/opt/php/include -I/usr/local/opt/libpq/include -I/usr/local/opt/openssl@3/include -I/usr/local/opt/openldap/include  conftest.c >&5
configure:6043: $? = 0
configure:6043: result: yes
configure:6043: checking for stdlib.h
configure:6043: cc -c -g -O2 -I/usr/local/opt/zlib/include -I/usr/local/opt/php/include -I/usr/local/opt/libpq/include -I/usr/local/opt/openssl@3/include -I/usr/local/opt/openldap/include  conftest.c >&5
configure:6043: $? = 0
configure:6043: result: yes
configure:6043: checking for string.h
configure:6043: cc -c -g -O2 -I/usr/local/opt/zlib/include -I/usr/local/opt/php/include -I/usr/local/opt/libpq/include -I/usr/local/opt/openssl@3/include -I/usr/local/opt/openldap/include  conftest.c >&5
configure:6043: $? = 0
configure:6043: result: yes
configure:6043: checking for inttypes.h
configure:6043: cc -c -g -O2 -I/usr/local/opt/zlib/include -I/usr/local/opt/php/include -I/usr/local/opt/libpq/include -I/usr/local/opt/openssl@3/include -I/usr/local/opt/openldap/include  conftest.c >&5
configure:6043: $? = 0
configure:6043: result: yes
configure:6043: checking for stdint.h
configure:6043: cc -c -g -O2 -I/usr/local/opt/zlib/include -I/usr/local/opt/php/include -I/usr/local/opt/libpq/include -I/usr/local/opt/openssl@3/include -I/usr/local/opt/openldap/include  conftest.c >&5
configure:6043: $? = 0
configure:6043: result: yes
configure:6043: checking for strings.h
configure:6043: cc -c -g -O2 -I/usr/local/opt/zlib/include -I/usr/local/opt/php/include -I/usr/local/opt/libpq/include -I/usr/local/opt/openssl@3/include -I/usr/local/opt/openldap/include  conftest.c >&5
configure:6043: $? = 0
configure:6043: result: yes
configure:6043: checking for sys/stat.h
configure:6043: cc -c -g -O2 -I/usr/local/opt/zlib/include -I/usr/local/opt/php/include -I/usr/local/opt/libpq/include -I/usr/local/opt/openssl@3/include -I/usr/local/opt/openldap/include  conftest.c >&5
configure:6043: $? = 0
configure:6043: result: yes
configure:6043: checking for sys/types.h
configure:6043: cc -c -g -O2 -I/usr/local/opt/zlib/include -I/usr/local/opt/php/include -I/usr/local/opt/libpq/include -I/usr/local/opt/openssl@3/include -I/usr/local/opt/openldap/include  conftest.c >&5
configure:6043: $? = 0
configure:6043: result: yes
configure:6043: checking for unistd.h
configure:6043: cc -c -g -O2 -I/usr/local/opt/zlib/include -I/usr/local/opt/php/include -I/usr/local/opt/libpq/include -I/usr/local/opt/openssl@3/include -I/usr/local/opt/openldap/include  conftest.c >&5
configure:6043: $? = 0
configure:6043: result: yes
configure:6068: checking for dlfcn.h
configure:6068: cc -c -g -O2 -I/usr/local/opt/zlib/include -I/usr/local/opt/php/include -I/usr/local/opt/libpq/include -I/usr/local/opt/openssl@3/include -I/usr/local/opt/openldap/include  conftest.c >&5
configure:6068: $? = 0
configure:6068: result: yes
configure:6087: checking the maximum length of command line arguments
configure:6200: result: 786432
configure:6212: checking command to parse /usr/bin/nm -B output from cc object
configure:6318: cc -c -g -O2 -I/usr/local/opt/zlib/include -I/usr/local/opt/php/include -I/usr/local/opt/libpq/include -I/usr/local/opt/openssl@3/include -I/usr/local/opt/openldap/include  conftest.c >&5
configure:6321: $? = 0
configure:6325: /usr/bin/nm -B conftest.o \| sed -n -e 's/^.*[ 	]\([BCDEGRST][BCDEGRST]*\)[ 	][ 	]*\([_A-Za-z][_A-Za-z0-9]*\)$/\1 \2 \2/p' \> conftest.nm
configure:6328: $? = 0
cannot find nm_test_var in conftest.nm
configure:6318: cc -c -g -O2 -I/usr/local/opt/zlib/include -I/usr/local/opt/php/include -I/usr/local/opt/libpq/include -I/usr/local/opt/openssl@3/include -I/usr/local/opt/openldap/include  conftest.c >&5
configure:6321: $? = 0
configure:6325: /usr/bin/nm -B conftest.o \| sed -n -e 's/^.*[ 	]\([BCDEGRST][BCDEGRST]*\)[ 	][ 	]*_\([_A-Za-z][_A-Za-z0-9]*\)$/\1 _\2 \2/p' \> conftest.nm
configure:6328: $? = 0
configure:6380: cc -o conftest -g -O2 -I/usr/local/opt/zlib/include -I/usr/local/opt/php/include -I/usr/local/opt/libpq/include -I/usr/local/opt/openssl@3/include -I/usr/local/opt/openldap/include  -L/usr/local/opt/zlib/lib -L/usr/local/opt/php/lib -L/usr/local/opt/libpq/lib -L/usr/local/opt/openssl@3/lib -L/usr/local/opt/openldap/lib  conftest.c conftstm.o >&5
warning: (x86_64)  could not find object file symbol for symbol _main
configure:6383: $? = 0
configure:6421: result: ok
configure:6425: checking for objdir
configure:6441: result: .libs
configure:6538: checking for ar
configure:6559: found /usr/bin/ar
configure:6570: result: ar
configure:6640: checking for ranlib
configure:6661: found /usr/bin/ranlib
configure:6672: result: ranlib
configure:6742: checking for strip
configure:6763: found /usr/bin/strip
configure:6774: result: strip
configure:7034: checking for dsymutil
configure:7055: found /usr/bin/dsymutil
configure:7066: result: dsymutil
configure:7136: checking for nmedit
configure:7157: found /usr/bin/nmedit
configure:7168: result: nmedit
configure:7191: checking for -single_module linker flag
configure:7213: result: yes
configure:7215: checking for -exported_symbols_list linker flag
configure:7232: cc -o conftest -g -O2 -I/usr/local/opt/zlib/include -I/usr/local/opt/php/include -I/usr/local/opt/libpq/include -I/usr/local/opt/openssl@3/include -I/usr/local/opt/openldap/include  -L/usr/local/opt/zlib/lib -L/usr/local/opt/php/lib -L/usr/local/opt/libpq/lib -L/usr/local/opt/openssl@3/lib -L/usr/local/opt/openldap/lib  -Wl,-exported_symbols_list,conftest.sym conftest.c  >&5
configure:7235: $? = 0
configure:7249: result: yes
configure:7369: checking if cc supports -fno-rtti -fno-exceptions
configure:7388: cc -c -g -O2 -I/usr/local/opt/zlib/include -I/usr/local/opt/php/include -I/usr/local/opt/libpq/include -I/usr/local/opt/openssl@3/include -I/usr/local/opt/openldap/include  -fno-rtti -fno-exceptions conftest.c >&5
configure:7392: $? = 0
configure:7405: result: yes
configure:7420: checking for cc option to produce PIC
configure:7660: result: -fno-common
configure:7668: checking if cc PIC flag -fno-common works
configure:7687: cc -c -g -O2 -I/usr/local/opt/zlib/include -I/usr/local/opt/php/include -I/usr/local/opt/libpq/include -I/usr/local/opt/openssl@3/include -I/usr/local/opt/openldap/include  -fno-common -DPIC conftest.c >&5
configure:7691: $? = 0
configure:7704: result: yes
configure:7732: checking if cc static flag -static works
configure:7761: result: no
configure:7771: checking if cc supports -c -o file.o
configure:7793: cc -c -g -O2 -I/usr/local/opt/zlib/include -I/usr/local/opt/php/include -I/usr/local/opt/libpq/include -I/usr/local/opt/openssl@3/include -I/usr/local/opt/openldap/include  -o out/conftest2.o conftest.c >&5
configure:7797: $? = 0
configure:7819: result: yes
configure:7845: checking whether the cc linker (/Applications/Xcode.app/Contents/Developer/Toolchains/XcodeDefault.xctoolchain/usr/bin/ld) supports shared libraries
configure:8773: result: yes
configure:8840: checking dynamic linker characteristics
configure:9449: result: darwin21.1.0 dyld
configure:9475: checking how to hardcode library paths into programs
configure:9500: result: immediate
configure:9514: checking whether stripping libraries is possible
configure:9528: result: yes
configure:10034: checking if libtool supports shared libraries
configure:10036: result: yes
configure:10039: checking whether to build shared libraries
configure:10060: result: yes
configure:10063: checking whether to build static libraries
configure:10067: result: no
configure:10161: result:
creating libtool
configure:13938: patching config.h.in
configure:13949: creating ./config.status

## ---------------------- ##
## Running config.status. ##
## ---------------------- ##

This file was extended by config.status, which was
generated by GNU Autoconf 2.71.  Invocation command line was

  CONFIG_FILES    = 
  CONFIG_HEADERS  = 
  CONFIG_LINKS    = 
  CONFIG_COMMANDS = 
  $ ./config.status 

on Panagiotis-Hackintosh.local

config.status:671: creating config.h
config.status:761: config.h is unchanged

## ---------------- ##
## Cache variables. ##
## ---------------- ##

ac_cv_build=x86_64-apple-darwin21.1.0
ac_cv_c_compiler_gnu=yes
ac_cv_env_CC_set=
ac_cv_env_CC_value=
ac_cv_env_CFLAGS_set=
ac_cv_env_CFLAGS_value=
ac_cv_env_CPPFLAGS_set=set
ac_cv_env_CPPFLAGS_value='-I/usr/local/opt/zlib/include -I/usr/local/opt/php/include -I/usr/local/opt/libpq/include -I/usr/local/opt/openssl@3/include -I/usr/local/opt/openldap/include '
ac_cv_env_CPP_set=
ac_cv_env_CPP_value=
ac_cv_env_LDFLAGS_set=set
ac_cv_env_LDFLAGS_value='-L/usr/local/opt/zlib/lib -L/usr/local/opt/php/lib -L/usr/local/opt/libpq/lib -L/usr/local/opt/openssl@3/lib -L/usr/local/opt/openldap/lib '
ac_cv_env_LIBS_set=
ac_cv_env_LIBS_value=
ac_cv_env_LIBXML_CFLAGS_set=
ac_cv_env_LIBXML_CFLAGS_value=
ac_cv_env_LIBXML_LIBS_set=
ac_cv_env_LIBXML_LIBS_value=
ac_cv_env_PKG_CONFIG_LIBDIR_set=
ac_cv_env_PKG_CONFIG_LIBDIR_value=
ac_cv_env_PKG_CONFIG_PATH_set=set
ac_cv_env_PKG_CONFIG_PATH_value=/usr/local/opt/zlib/lib/pkgconfig:/usr/local/opt/libpq/lib/pkgconfig:/usr/local/opt/openssl@3/lib/pkgconfig:/usr/local/opt/curl-openssl/lib/pkgconfig:
ac_cv_env_PKG_CONFIG_set=
ac_cv_env_PKG_CONFIG_value=
ac_cv_env_build_alias_set=
ac_cv_env_build_alias_value=
ac_cv_env_host_alias_set=
ac_cv_env_host_alias_value=
ac_cv_env_target_alias_set=
ac_cv_env_target_alias_value=
ac_cv_header_dlfcn_h=yes
ac_cv_header_inttypes_h=yes
ac_cv_header_stdint_h=yes
ac_cv_header_stdio_h=yes
ac_cv_header_stdlib_h=yes
ac_cv_header_string_h=yes
ac_cv_header_strings_h=yes
ac_cv_header_sys_stat_h=yes
ac_cv_header_sys_types_h=yes
ac_cv_header_unistd_h=yes
ac_cv_host=x86_64-apple-darwin21.1.0
ac_cv_objext=o
ac_cv_path_EGREP='/usr/bin/grep -E'
ac_cv_path_GREP=/usr/bin/grep
ac_cv_path_SED=/usr/bin/sed
ac_cv_path_ac_pt_PKG_CONFIG=/Library/Frameworks/Mono.framework/Versions/Current/bin/pkg-config
ac_cv_prog_AWK=gawk
ac_cv_prog_CPP='cc -E'
ac_cv_prog_ac_ct_AR=ar
ac_cv_prog_ac_ct_CC=cc
ac_cv_prog_ac_ct_DSYMUTIL=dsymutil
ac_cv_prog_ac_ct_NMEDIT=nmedit
ac_cv_prog_ac_ct_RANLIB=ranlib
ac_cv_prog_ac_ct_STRIP=strip
ac_cv_prog_cc_c11=
ac_cv_prog_cc_g=yes
ac_cv_prog_cc_stdc=
ac_cv_target=x86_64-apple-darwin21.1.0
lt_cv_apple_cc_single_mod=yes
lt_cv_deplibs_check_method=pass_all
lt_cv_file_magic_cmd='$MAGIC_CMD'
lt_cv_file_magic_test_file=
lt_cv_ld_exported_symbols_list=yes
lt_cv_ld_reload_flag=-r
lt_cv_objdir=.libs
lt_cv_path_LD=/Applications/Xcode.app/Contents/Developer/Toolchains/XcodeDefault.xctoolchain/usr/bin/ld
lt_cv_path_NM='/usr/bin/nm -B'
lt_cv_path_SED=/usr/bin/sed
lt_cv_prog_compiler_c_o=yes
lt_cv_prog_compiler_pic_works=yes
lt_cv_prog_compiler_rtti_exceptions=yes
lt_cv_prog_compiler_static_works=no
lt_cv_prog_gnu_ld=no
lt_cv_sys_global_symbol_pipe='sed -n -e '\''s/^.*[ 	]\([BCDEGRST][BCDEGRST]*\)[ 	][ 	]*_\([_A-Za-z][_A-Za-z0-9]*\)$/\1 _\2 \2/p'\'''
lt_cv_sys_global_symbol_to_c_name_address='sed -n -e '\''s/^: \([^ ]*\) $/  {\"\1\", (lt_ptr) 0},/p'\'' -e '\''s/^[BCDEGRST] \([^ ]*\) \([^ ]*\)$/  {"\2", (lt_ptr) \&\2},/p'\'''
lt_cv_sys_global_symbol_to_cdecl='sed -n -e '\''s/^. .* \(.*\)$/extern int \1;/p'\'''
lt_cv_sys_lib_dlsearch_path_spec='/usr/local/lib /lib /usr/lib'
lt_cv_sys_lib_search_path_spec='/Applications/Xcode.app/Contents/Developer/Toolchains/XcodeDefault.xctoolchain/usr/lib/clang/13.0.0 /usr/local/lib'
lt_cv_sys_max_cmd_len=786432
lt_lt_cv_prog_compiler_c_o='"yes"'
lt_lt_cv_sys_global_symbol_pipe='"sed -n -e '\''s/^.*[ 	]\\([BCDEGRST][BCDEGRST]*\\)[ 	][ 	]*_\\([_A-Za-z][_A-Za-z0-9]*\\)\$/\\1 _\\2 \\2/p'\''"'
lt_lt_cv_sys_global_symbol_to_c_name_address='"sed -n -e '\''s/^: \\([^ ]*\\) \$/  {\\\"\\1\\\", (lt_ptr) 0},/p'\'' -e '\''s/^[BCDEGRST] \\([^ ]*\\) \\([^ ]*\\)\$/  {\"\\2\", (lt_ptr) \\&\\2},/p'\''"'
lt_lt_cv_sys_global_symbol_to_cdecl='"sed -n -e '\''s/^. .* \\(.*\\)\$/extern int \\1;/p'\''"'
php_cv_cc_dashr=no
php_cv_cc_rpath=yes
pkg_cv_LIBXML_CFLAGS='-I/Library/Frameworks/Mono.framework/Versions/6.12.0/include/libxml2  '
pkg_cv_LIBXML_LIBS='-L/Library/Frameworks/Mono.framework/Versions/6.12.0/lib -lxml2  '

## ----------------- ##
## Output variables. ##
## ----------------- ##

AR='ar'
AWK='gawk'
BUILD_CC='cc'
CC='cc'
CFLAGS='-g -O2'
CONFIGURE_COMMAND=' '\''./configure'\''  '\''PKG_CONFIG_PATH=/usr/local/opt/zlib/lib/pkgconfig:/usr/local/opt/libpq/lib/pkgconfig:/usr/local/opt/openssl@3/lib/pkgconfig:/usr/local/opt/curl-openssl/lib/pkgconfig:'\'''
CONFIGURE_OPTIONS=' '\''PKG_CONFIG_PATH=/usr/local/opt/zlib/lib/pkgconfig:/usr/local/opt/libpq/lib/pkgconfig:/usr/local/opt/openssl@3/lib/pkgconfig:/usr/local/opt/curl-openssl/lib/pkgconfig:'\'''
CPP='cc -E'
CPPFLAGS='-I/usr/local/opt/zlib/include -I/usr/local/opt/php/include -I/usr/local/opt/libpq/include -I/usr/local/opt/openssl@3/include -I/usr/local/opt/openldap/include  -DHAVE_CONFIG_H'
DEFS='-DHAVE_CONFIG_H'
DSYMUTIL='dsymutil'
ECHO='/bin/echo'
ECHO_C='\c'
ECHO_N=''
ECHO_T=''
EGREP='/usr/bin/grep -E'
EXEEXT=''
GREP='/usr/bin/grep'
LDFLAGS='-L/usr/local/opt/zlib/lib -L/usr/local/opt/php/lib -L/usr/local/opt/libpq/lib -L/usr/local/opt/openssl@3/lib -L/usr/local/opt/openldap/lib '
LIBOBJS=''
LIBS=''
LIBTOOL='$(SHELL) $(top_builddir)/libtool'
LIBXML_CFLAGS='-I/Library/Frameworks/Mono.framework/Versions/6.12.0/include/libxml2  '
LIBXML_LIBS='-L/Library/Frameworks/Mono.framework/Versions/6.12.0/lib -lxml2  '
LN_S='ln -s'
LTLIBOBJS=''
NMEDIT='nmedit'
OBJEXT='o'
PACKAGE_BUGREPORT=''
PACKAGE_NAME=''
PACKAGE_STRING=''
PACKAGE_TARNAME=''
PACKAGE_URL=''
PACKAGE_VERSION=''
PATH_SEPARATOR=':'
PKG_CONFIG='/Library/Frameworks/Mono.framework/Versions/Current/bin/pkg-config'
PKG_CONFIG_LIBDIR=''
PKG_CONFIG_PATH='/usr/local/opt/zlib/lib/pkgconfig:/usr/local/opt/libpq/lib/pkgconfig:/usr/local/opt/openssl@3/lib/pkgconfig:/usr/local/opt/curl-openssl/lib/pkgconfig:'
RANLIB='ranlib'
SED='/usr/bin/sed'
SHELL='/bin/sh'
SHLIB_DL_SUFFIX_NAME='so'
SHLIB_SUFFIX_NAME='dylib'
STRIP='strip'
ac_ct_CC='cc'
bindir='${exec_prefix}/bin'
build='x86_64-apple-darwin21.1.0'
build_alias=''
build_cpu='x86_64'
build_os='darwin21.1.0'
build_vendor='apple'
datadir='${datarootdir}'
datarootdir='${prefix}/share'
docdir='${datarootdir}/doc/${PACKAGE}'
dvidir='${docdir}'
exec_prefix='$(prefix)'
host='x86_64-apple-darwin21.1.0'
host_alias='x86_64-apple-darwin21.1.0'
host_cpu='x86_64'
host_os='darwin21.1.0'
host_vendor='apple'
htmldir='${docdir}'
includedir='${prefix}/include'
infodir='${datarootdir}/info'
libdir='${exec_prefix}/lib'
libexecdir='${exec_prefix}/libexec'
localedir='${datarootdir}/locale'
localstatedir='${prefix}/var'
mandir='${datarootdir}/man'
oldincludedir='/usr/include'
pdfdir='${docdir}'
prefix='/usr/local/Cellar/php/8.1.0'
program_transform_name='s,x,x,'
psdir='${docdir}'
runstatedir='${localstatedir}/run'
sbindir='${exec_prefix}/sbin'
sharedstatedir='${prefix}/com'
sysconfdir='${prefix}/etc'
target='x86_64-apple-darwin21.1.0'
target_alias=''
target_cpu='x86_64'
target_os='darwin21.1.0'
target_vendor='apple'

## ----------- ##
## confdefs.h. ##
## ----------- ##

/* confdefs.h */
#define PACKAGE_NAME ""
#define PACKAGE_TARNAME ""
#define PACKAGE_VERSION ""
#define PACKAGE_STRING ""
#define PACKAGE_BUGREPORT ""
#define PACKAGE_URL ""
#define HAVE_LIBXML 1
#define HAVE_WDDX 1
#define COMPILE_DL_WDDX 1
#define HAVE_STDIO_H 1
#define HAVE_STDLIB_H 1
#define HAVE_STRING_H 1
#define HAVE_INTTYPES_H 1
#define HAVE_STDINT_H 1
#define HAVE_STRINGS_H 1
#define HAVE_SYS_STAT_H 1
#define HAVE_SYS_TYPES_H 1
#define HAVE_UNISTD_H 1
#define STDC_HEADERS 1
#define HAVE_DLFCN_H 1

configure: exit 0
